Added Component: Designator=C1(CAP_0805)
Add component (AddParameter): Name = "Dielectric"; Value = ""; VariantName = "[No Variations]"
Add component (AddParameter): Name = "Distributor Link"; Value = "https://www.lcsc.com/product-detail/C116352.html?spm=wm.fly.bg.0.xh___wm.fly.tp.4.ml&lcsc_vid=RgJaBFdeQAVXBFNWRFFdUVZXR1lbUVIAQgJYXwBWRlExVlNRQFhXX1FUQFNYUzsOAxUeFF5JWBYZEEoKFBINSQcJGk4eFQsCAgIaSgADAwAHC0slRVheUFZQTk8GEwkK"; VariantName = "[No Variations]"
Add component (AddParameter): Name = "LCSC"; Value = "C116352"; VariantName = "[No Variations]"
Add component (AddParameter): Name = "Manufacturer"; Value = "Samsung Electro-Mechanics"; VariantName = "[No Variations]"
Add component (AddParameter): Name = "Manufacturer Part Number"; Value = "CL21B105KAFNNNE"; VariantName = "[No Variations]"
Add component (AddParameter): Name = "Rating"; Value = "25V"; VariantName = "[No Variations]"
Added Component: Designator=C2(CAP_0805)
Add component (AddParameter): Name = "Dielectric"; Value = ""; VariantName = "[No Variations]"
Add component (AddParameter): Name = "Distributor Link"; Value = "https://www.lcsc.com/product-detail/C98192.html?spm=wm.fly.bg.0.xh___wm.fly.tp.4.ml&lcsc_vid=RgJaBFdeQAVXBFNWRFFdUVZXR1lbUVIAQgJYXwBWRlExVlNRQFhXX1FUQFNYUzsOAxUeFF5JWBYZEEoKFBINSQcJGk4eFQsCAgIaSgADAwAHC0slRVheUFZQTk8GEwkK"; VariantName = "[No Variations]"
Add component (AddParameter): Name = "LCSC"; Value = "C98192"; VariantName = "[No Variations]"
Add component (AddParameter): Name = "Manufacturer"; Value = "Samsung Electro-Mechanics"; VariantName = "[No Variations]"
Add component (AddParameter): Name = "Manufacturer Part Number"; Value = "CL21A475KBQNNNE"; VariantName = "[No Variations]"
Add component (AddParameter): Name = "Rating"; Value = "50V"; VariantName = "[No Variations]"
Added Component: Designator=C3(CAP_0805)
Add component (AddParameter): Name = "Dielectric"; Value = ""; VariantName = "[No Variations]"
Add component (AddParameter): Name = "Distributor Link"; Value = "https://www.lcsc.com/product-detail/C1711.html?spm=wm.fly.bg.2.xh___wm.fly.tp.4.ml&lcsc_vid=RgJaBFdeQAVXBFNWRFFdUVZXR1lbUVIAQgJYXwBWRlExVlNRQFhXX1FUQFNYUzsOAxUeFF5JWBYZEEoKFBINSQcJGk4eFQsCAgIaSgADAwAHC0slRVheUFZQTk8GEwkK"; VariantName = "[No Variations]"
Add component (AddParameter): Name = "LCSC"; Value = "C1711"; VariantName = "[No Variations]"
Add component (AddParameter): Name = "Manufacturer"; Value = "Samsung Electro-Mechanics"; VariantName = "[No Variations]"
Add component (AddParameter): Name = "Manufacturer Part Number"; Value = "CL21B104KBCNNNC"; VariantName = "[No Variations]"
Add component (AddParameter): Name = "Rating"; Value = "50V"; VariantName = "[No Variations]"
Added Component: Designator=C4(CAP_0805)
Add component (AddParameter): Name = "Dielectric"; Value = ""; VariantName = "[No Variations]"
Add component (AddParameter): Name = "Distributor Link"; Value = "https://www.lcsc.com/product-detail/C1711.html?spm=wm.fly.bg.2.xh___wm.fly.tp.4.ml&lcsc_vid=RgJaBFdeQAVXBFNWRFFdUVZXR1lbUVIAQgJYXwBWRlExVlNRQFhXX1FUQFNYUzsOAxUeFF5JWBYZEEoKFBINSQcJGk4eFQsCAgIaSgADAwAHC0slRVheUFZQTk8GEwkK"; VariantName = "[No Variations]"
Add component (AddParameter): Name = "LCSC"; Value = "C1711"; VariantName = "[No Variations]"
Add component (AddParameter): Name = "Manufacturer"; Value = "Samsung Electro-Mechanics"; VariantName = "[No Variations]"
Add component (AddParameter): Name = "Manufacturer Part Number"; Value = "CL21B104KBCNNNC"; VariantName = "[No Variations]"
Add component (AddParameter): Name = "Rating"; Value = "50V"; VariantName = "[No Variations]"
Added Component: Designator=C5(CAP_0805)
Add component (AddParameter): Name = "Dielectric"; Value = ""; VariantName = "[No Variations]"
Add component (AddParameter): Name = "Distributor Link"; Value = "https://www.lcsc.com/product-detail/C116352.html?spm=wm.fly.bg.0.xh___wm.fly.tp.4.ml&lcsc_vid=RgJaBFdeQAVXBFNWRFFdUVZXR1lbUVIAQgJYXwBWRlExVlNRQFhXX1FUQFNYUzsOAxUeFF5JWBYZEEoKFBINSQcJGk4eFQsCAgIaSgADAwAHC0slRVheUFZQTk8GEwkK"; VariantName = "[No Variations]"
Add component (AddParameter): Name = "LCSC"; Value = "C116352"; VariantName = "[No Variations]"
Add component (AddParameter): Name = "Manufacturer"; Value = "Samsung Electro-Mechanics"; VariantName = "[No Variations]"
Add component (AddParameter): Name = "Manufacturer Part Number"; Value = "CL21B105KAFNNNE"; VariantName = "[No Variations]"
Add component (AddParameter): Name = "Rating"; Value = "25V"; VariantName = "[No Variations]"
Added Component: Designator=C6(CAP_0805)
Add component (AddParameter): Name = "Dielectric"; Value = ""; VariantName = "[No Variations]"
Add component (AddParameter): Name = "Distributor Link"; Value = "https://www.lcsc.com/product-detail/C1804.html?spm=wm.fly.bg.0.xh___wm.fly.tp.4.ml&lcsc_vid=RgJaBFdeQAVXBFNWRFFdUVZXR1lbUVIAQgJYXwBWRlExVlNRQFhXX1FUQFNYUzsOAxUeFF5JWBYZEEoKFBINSQcJGk4eFQsCAgIaSgADAwAHC0slRVheUFZQTk8GEwkK"; VariantName = "[No Variations]"
Add component (AddParameter): Name = "LCSC"; Value = "C1804"; VariantName = "[No Variations]"
Add component (AddParameter): Name = "Manufacturer"; Value = "Samsung Electro-Mechanics"; VariantName = "[No Variations]"
Add component (AddParameter): Name = "Manufacturer Part Number"; Value = "CL21C220JBANNNC"; VariantName = "[No Variations]"
Add component (AddParameter): Name = "Rating"; Value = "50V"; VariantName = "[No Variations]"
Added Component: Designator=C7(CAP_0805)
Add component (AddParameter): Name = "Dielectric"; Value = ""; VariantName = "[No Variations]"
Add component (AddParameter): Name = "Distributor Link"; Value = "https://www.lcsc.com/product-detail/C1804.html?spm=wm.fly.bg.0.xh___wm.fly.tp.4.ml&lcsc_vid=RgJaBFdeQAVXBFNWRFFdUVZXR1lbUVIAQgJYXwBWRlExVlNRQFhXX1FUQFNYUzsOAxUeFF5JWBYZEEoKFBINSQcJGk4eFQsCAgIaSgADAwAHC0slRVheUFZQTk8GEwkK"; VariantName = "[No Variations]"
Add component (AddParameter): Name = "LCSC"; Value = "C1804"; VariantName = "[No Variations]"
Add component (AddParameter): Name = "Manufacturer"; Value = "Samsung Electro-Mechanics"; VariantName = "[No Variations]"
Add component (AddParameter): Name = "Manufacturer Part Number"; Value = "CL21C220JBANNNC"; VariantName = "[No Variations]"
Add component (AddParameter): Name = "Rating"; Value = "50V"; VariantName = "[No Variations]"
Added Component: Designator=C8(CAP_0805)
Add component (AddParameter): Name = "Dielectric"; Value = ""; VariantName = "[No Variations]"
Add component (AddParameter): Name = "Distributor Link"; Value = "https://www.lcsc.com/product-detail/C98192.html?spm=wm.fly.bg.0.xh___wm.fly.tp.4.ml&lcsc_vid=RgJaBFdeQAVXBFNWRFFdUVZXR1lbUVIAQgJYXwBWRlExVlNRQFhXX1FUQFNYUzsOAxUeFF5JWBYZEEoKFBINSQcJGk4eFQsCAgIaSgADAwAHC0slRVheUFZQTk8GEwkK"; VariantName = "[No Variations]"
Add component (AddParameter): Name = "LCSC"; Value = "C98192"; VariantName = "[No Variations]"
Add component (AddParameter): Name = "Manufacturer"; Value = "Samsung Electro-Mechanics"; VariantName = "[No Variations]"
Add component (AddParameter): Name = "Manufacturer Part Number"; Value = "CL21A475KBQNNNE"; VariantName = "[No Variations]"
Add component (AddParameter): Name = "Rating"; Value = "50V"; VariantName = "[No Variations]"
Added Component: Designator=C9(CAP_0805)
Add component (AddParameter): Name = "Dielectric"; Value = ""; VariantName = "[No Variations]"
Add component (AddParameter): Name = "Distributor Link"; Value = "https://www.lcsc.com/product-detail/C1711.html?spm=wm.fly.bg.2.xh___wm.fly.tp.4.ml&lcsc_vid=RgJaBFdeQAVXBFNWRFFdUVZXR1lbUVIAQgJYXwBWRlExVlNRQFhXX1FUQFNYUzsOAxUeFF5JWBYZEEoKFBINSQcJGk4eFQsCAgIaSgADAwAHC0slRVheUFZQTk8GEwkK"; VariantName = "[No Variations]"
Add component (AddParameter): Name = "LCSC"; Value = "C1711"; VariantName = "[No Variations]"
Add component (AddParameter): Name = "Manufacturer"; Value = "Samsung Electro-Mechanics"; VariantName = "[No Variations]"
Add component (AddParameter): Name = "Manufacturer Part Number"; Value = "CL21B104KBCNNNC"; VariantName = "[No Variations]"
Add component (AddParameter): Name = "Rating"; Value = "50V"; VariantName = "[No Variations]"
Added Component: Designator=C10(CAP_0805)
Add component (AddParameter): Name = "Dielectric"; Value = ""; VariantName = "[No Variations]"
Add component (AddParameter): Name = "Distributor Link"; Value = "https://www.lcsc.com/product-detail/C1711.html?spm=wm.fly.bg.2.xh___wm.fly.tp.4.ml&lcsc_vid=RgJaBFdeQAVXBFNWRFFdUVZXR1lbUVIAQgJYXwBWRlExVlNRQFhXX1FUQFNYUzsOAxUeFF5JWBYZEEoKFBINSQcJGk4eFQsCAgIaSgADAwAHC0slRVheUFZQTk8GEwkK"; VariantName = "[No Variations]"
Add component (AddParameter): Name = "LCSC"; Value = "C1711"; VariantName = "[No Variations]"
Add component (AddParameter): Name = "Manufacturer"; Value = "Samsung Electro-Mechanics"; VariantName = "[No Variations]"
Add component (AddParameter): Name = "Manufacturer Part Number"; Value = "CL21B104KBCNNNC"; VariantName = "[No Variations]"
Add component (AddParameter): Name = "Rating"; Value = "50V"; VariantName = "[No Variations]"
Added Component: Designator=C11(CAP_0805)
Add component (AddParameter): Name = "Dielectric"; Value = ""; VariantName = "[No Variations]"
Add component (AddParameter): Name = "Distributor Link"; Value = "https://www.lcsc.com/product-detail/C1711.html?spm=wm.fly.bg.2.xh___wm.fly.tp.4.ml&lcsc_vid=RgJaBFdeQAVXBFNWRFFdUVZXR1lbUVIAQgJYXwBWRlExVlNRQFhXX1FUQFNYUzsOAxUeFF5JWBYZEEoKFBINSQcJGk4eFQsCAgIaSgADAwAHC0slRVheUFZQTk8GEwkK"; VariantName = "[No Variations]"
Add component (AddParameter): Name = "LCSC"; Value = "C1711"; VariantName = "[No Variations]"
Add component (AddParameter): Name = "Manufacturer"; Value = "Samsung Electro-Mechanics"; VariantName = "[No Variations]"
Add component (AddParameter): Name = "Manufacturer Part Number"; Value = "CL21B104KBCNNNC"; VariantName = "[No Variations]"
Add component (AddParameter): Name = "Rating"; Value = "50V"; VariantName = "[No Variations]"
Added Component: Designator=C12(CAP_0805)
Add component (AddParameter): Name = "Dielectric"; Value = ""; VariantName = "[No Variations]"
Add component (AddParameter): Name = "Distributor Link"; Value = "https://www.lcsc.com/product-detail/C1711.html?spm=wm.fly.bg.2.xh___wm.fly.tp.4.ml&lcsc_vid=RgJaBFdeQAVXBFNWRFFdUVZXR1lbUVIAQgJYXwBWRlExVlNRQFhXX1FUQFNYUzsOAxUeFF5JWBYZEEoKFBINSQcJGk4eFQsCAgIaSgADAwAHC0slRVheUFZQTk8GEwkK"; VariantName = "[No Variations]"
Add component (AddParameter): Name = "LCSC"; Value = "C1711"; VariantName = "[No Variations]"
Add component (AddParameter): Name = "Manufacturer"; Value = "Samsung Electro-Mechanics"; VariantName = "[No Variations]"
Add component (AddParameter): Name = "Manufacturer Part Number"; Value = "CL21B104KBCNNNC"; VariantName = "[No Variations]"
Add component (AddParameter): Name = "Rating"; Value = "50V"; VariantName = "[No Variations]"
Added Component: Designator=D1(LED_0805_RED)
Add component (AddParameter): Name = "Distributor Link"; Value = ""; VariantName = "[No Variations]"
Add component (AddParameter): Name = "LCSC"; Value = ""; VariantName = "[No Variations]"
Add component (AddParameter): Name = "Manufacturer"; Value = ""; VariantName = "[No Variations]"
Add component (AddParameter): Name = "Manufacturer Part Number"; Value = ""; VariantName = "[No Variations]"
Added Component: Designator=D2(LED_0805_RED)
Add component (AddParameter): Name = "Distributor Link"; Value = ""; VariantName = "[No Variations]"
Add component (AddParameter): Name = "LCSC"; Value = ""; VariantName = "[No Variations]"
Add component (AddParameter): Name = "Manufacturer"; Value = ""; VariantName = "[No Variations]"
Add component (AddParameter): Name = "Manufacturer Part Number"; Value = ""; VariantName = "[No Variations]"
Added Component: Designator=D3(LED_0805_RED)
Add component (AddParameter): Name = "Distributor Link"; Value = ""; VariantName = "[No Variations]"
Add component (AddParameter): Name = "LCSC"; Value = ""; VariantName = "[No Variations]"
Add component (AddParameter): Name = "Manufacturer"; Value = ""; VariantName = "[No Variations]"
Add component (AddParameter): Name = "Manufacturer Part Number"; Value = ""; VariantName = "[No Variations]"
Added Component: Designator=FB1(BEADC2112X105N)
Add component (AddParameter): Name = "Arrow Part Number"; Value = ""; VariantName = "[No Variations]"
Add component (AddParameter): Name = "Arrow Price/Stock"; Value = ""; VariantName = "[No Variations]"
Add component (AddParameter): Name = "Datasheet Link"; Value = "https://datasheet.lcsc.com/szlcsc/Sunlord-GZ2012D601TF_C1017.pdf"; VariantName = "[No Variations]"
Add component (AddParameter): Name = "Height"; Value = "1.05mm"; VariantName = "[No Variations]"
Add component (AddParameter): Name = "Manufacturer_Name"; Value = "SUNLORD"; VariantName = "[No Variations]"
Add component (AddParameter): Name = "Manufacturer_Part_Number"; Value = "GZ2012D601TF"; VariantName = "[No Variations]"
Add component (AddParameter): Name = "Mouser Part Number"; Value = ""; VariantName = "[No Variations]"
Add component (AddParameter): Name = "Mouser Price/Stock"; Value = ""; VariantName = "[No Variations]"
Added Component: Designator=IC1(QFP50P900X900X160-48N)
Add component (AddParameter): Name = "Arrow Part Number"; Value = "STM32G474CBT6TR"; VariantName = "[No Variations]"
Add component (AddParameter): Name = "Arrow Price/Stock"; Value = "https://www.arrow.com/en/products/stm32g474cbt6tr/stmicroelectronics.html?utm_currency=USD&region=nac"; VariantName = "[No Variations]"
Add component (AddParameter): Name = "Datasheet Link"; Value = "https://www.st.com/resource/en/datasheet/stm32g474cb.pdf"; VariantName = "[No Variations]"
Add component (AddParameter): Name = "Height"; Value = "1.6mm"; VariantName = "[No Variations]"
Add component (AddParameter): Name = "LCSC"; Value = "C730123"; VariantName = "[No Variations]"
Add component (AddParameter): Name = "Manufacturer Name"; Value = "STMicroelectronics"; VariantName = "[No Variations]"
Add component (AddParameter): Name = "Manufacturer Part Number"; Value = "STM32G474CBT6TR"; VariantName = "[No Variations]"
Add component (AddParameter): Name = "Mouser Part Number"; Value = "511-STM32G474CBT6TR"; VariantName = "[No Variations]"
Add component (AddParameter): Name = "Mouser Price/Stock"; Value = "https://www.mouser.co.uk/ProductDetail/STMicroelectronics/STM32G474CBT6TR?qs=sPbYRqrBIVmx65Oml6enIQ%3D%3D"; VariantName = "[No Variations]"
Added Component: Designator=J1(SHOUHAN_TYPE-C_16PIN_2MD_(073))
Added Component: Designator=P1(JST-SM06B-SRSS-TB_V)
Add component (AddParameter): Name = "Datasheet URL"; Value = "https://datasheet.ciiva.com/26894/getdatasheetpartid-708885-26894671.pdf"; VariantName = "[No Variations]"
Add component (AddParameter): Name = "Datasheet Version"; Value = "11/2010"; VariantName = "[No Variations]"
Add component (AddParameter): Name = "Manufacturer"; Value = "JST"; VariantName = "[No Variations]"
Add component (AddParameter): Name = "Manufacturer URL"; Value = "http://www.jst.com/home2.html"; VariantName = "[No Variations]"
Add component (AddParameter): Name = "Mounting Technology"; Value = "SurfaceMount"; VariantName = "[No Variations]"
Add component (AddParameter): Name = "No of Positions"; Value = "6"; VariantName = "[No Variations]"
Add component (AddParameter): Name = "Package Description"; Value = "Male Header, Pitch 1 mm, 1 X 6 Position, Height 2.9 mm"; VariantName = "[No Variations]"
Add component (AddParameter): Name = "Package Reference"; Value = "SM06B-SRSS-TB"; VariantName = "[No Variations]"
Add component (AddParameter): Name = "Pitch"; Value = "1mm"; VariantName = "[No Variations]"
Add component (AddParameter): Name = "Style/Orientation"; Value = "RightAngleHeader/Plug"; VariantName = "[No Variations]"
Add component (AddParameter): Name = "Termination"; Value = "Solder"; VariantName = "[No Variations]"
Add component (AddParameter): Name = "Type"; Value = "ShroudedHeader"; VariantName = "[No Variations]"
Added Component: Designator=Q1(SOT-23)
Add component (AddParameter): Name = "LCSC"; Value = "C2838029"; VariantName = "[No Variations]"
Add component (AddParameter): Name = "Manufacturer"; Value = "PJSEMI"; VariantName = "[No Variations]"
Add component (AddParameter): Name = "Manufacturer Part Number"; Value = "PJM10H01PSA"; VariantName = "[No Variations]"
Added Component: Designator=R1(RES_0805)
Add component (AddParameter): Name = "Distributor Link"; Value = "https://www.lcsc.com/product-detail/C2907269.html?spm=wm.fly.bg.2.xh___wm.mly.mlk.28-0-0.ml&lcsc_vid=RgJaBFdeQAVXBFNWRFFdUVZXR1lbUVIAQgJYXwBWRlExVlNRQFhXX1ZXT1RaUzsOAxUeFF5JWBYZEEoKFBINSQcJGk4dAgUUFAk%3D"; VariantName = "[No Variations]"
Add component (AddParameter): Name = "LCSC"; Value = "C2907269"; VariantName = "[No Variations]"
Add component (AddParameter): Name = "Manufacturer"; Value = "FOJAN"; VariantName = "[No Variations]"
Add component (AddParameter): Name = "Manufacturer Part Number"; Value = "FRC0805F5101TS"; VariantName = "[No Variations]"
Added Component: Designator=R2(RES_0805)
Add component (AddParameter): Name = "Distributor Link"; Value = "https://www.lcsc.com/product-detail/C2907269.html?spm=wm.fly.bg.2.xh___wm.mly.mlk.28-0-0.ml&lcsc_vid=RgJaBFdeQAVXBFNWRFFdUVZXR1lbUVIAQgJYXwBWRlExVlNRQFhXX1ZXT1RaUzsOAxUeFF5JWBYZEEoKFBINSQcJGk4dAgUUFAk%3D"; VariantName = "[No Variations]"
Add component (AddParameter): Name = "LCSC"; Value = "C2907269"; VariantName = "[No Variations]"
Add component (AddParameter): Name = "Manufacturer"; Value = "FOJAN"; VariantName = "[No Variations]"
Add component (AddParameter): Name = "Manufacturer Part Number"; Value = "FRC0805F5101TS"; VariantName = "[No Variations]"
Added Component: Designator=R3(RES_0805)
Add component (AddParameter): Name = "Distributor Link"; Value = "https://www.lcsc.com/product-detail/C2907267.html?spm=wm.fly.bg.1.stp___wm.mly.mlk.28-0-0.ml&lcsc_vid=RgJaBFdeQAVXBFNWRFFdUVZXR1lbUVIAQgJYXwBWRlExVlNRQFhXX1ZXT1RaUzsOAxUeFF5JWBYZEEoKFBINSQcJGk4dAgUUFAk%3D"; VariantName = "[No Variations]"
Add component (AddParameter): Name = "LCSC"; Value = "C2907267"; VariantName = "[No Variations]"
Add component (AddParameter): Name = "Manufacturer"; Value = "FOJAN"; VariantName = "[No Variations]"
Add component (AddParameter): Name = "Manufacturer Part Number"; Value = "FRC0805F4700TS"; VariantName = "[No Variations]"
Added Component: Designator=R4(RES_0805)
Add component (AddParameter): Name = "Distributor Link"; Value = "https://www.lcsc.com/product-detail/C2907267.html?spm=wm.fly.bg.1.stp___wm.mly.mlk.28-0-0.ml&lcsc_vid=RgJaBFdeQAVXBFNWRFFdUVZXR1lbUVIAQgJYXwBWRlExVlNRQFhXX1ZXT1RaUzsOAxUeFF5JWBYZEEoKFBINSQcJGk4dAgUUFAk%3D"; VariantName = "[No Variations]"
Add component (AddParameter): Name = "LCSC"; Value = "C2907267"; VariantName = "[No Variations]"
Add component (AddParameter): Name = "Manufacturer"; Value = "FOJAN"; VariantName = "[No Variations]"
Add component (AddParameter): Name = "Manufacturer Part Number"; Value = "FRC0805F4700TS"; VariantName = "[No Variations]"
Added Component: Designator=R5(RES_0805)
Add component (AddParameter): Name = "Distributor Link"; Value = "https://www.lcsc.com/product-detail/C2907267.html?spm=wm.fly.bg.1.stp___wm.mly.mlk.28-0-0.ml&lcsc_vid=RgJaBFdeQAVXBFNWRFFdUVZXR1lbUVIAQgJYXwBWRlExVlNRQFhXX1ZXT1RaUzsOAxUeFF5JWBYZEEoKFBINSQcJGk4dAgUUFAk%3D"; VariantName = "[No Variations]"
Add component (AddParameter): Name = "LCSC"; Value = "C2907267"; VariantName = "[No Variations]"
Add component (AddParameter): Name = "Manufacturer"; Value = "FOJAN"; VariantName = "[No Variations]"
Add component (AddParameter): Name = "Manufacturer Part Number"; Value = "FRC0805F4700TS"; VariantName = "[No Variations]"
Added Component: Designator=R6(RES_0805)
Add component (AddParameter): Name = "Distributor Link"; Value = "https://www.lcsc.com/product-detail/C2907219.html?spm=wm.fly.bg.1.xh___wm.mly.mlk.28-0-0.ml&lcsc_vid=RgJaBFdeQAVXBFNWRFFdUVZXR1lbUVIAQgJYXwBWRlExVlNRQFhXX1ZXT1RaUzsOAxUeFF5JWBYZEEoKFBINSQcJGk4dAgUUFAk%3D"; VariantName = "[No Variations]"
Add component (AddParameter): Name = "LCSC"; Value = "C2907219"; VariantName = "[No Variations]"
Add component (AddParameter): Name = "Manufacturer"; Value = "FOJAN"; VariantName = "[No Variations]"
Add component (AddParameter): Name = "Manufacturer Part Number"; Value = "FRC0805F1002TS"; VariantName = "[No Variations]"
Added Component: Designator=S1(SW-SMD_4P-L3.5-W3.0-P1.50-LS4.7)
Added Component: Designator=U1(SOT-223)
Added Component: Designator=Y1(X32258MOB4SI)
Add component (AddParameter): Name = "Arrow Part Number"; Value = ""; VariantName = "[No Variations]"
Add component (AddParameter): Name = "Arrow Price/Stock"; Value = ""; VariantName = "[No Variations]"
Add component (AddParameter): Name = "Datasheet Link"; Value = "https://item.szlcsc.com/datasheet/X32258MOB4SI/2777872.html"; VariantName = "[No Variations]"
Add component (AddParameter): Name = "Height"; Value = "0.8mm"; VariantName = "[No Variations]"
Add component (AddParameter): Name = "Manufacturer_Name"; Value = "YXC"; VariantName = "[No Variations]"
Add component (AddParameter): Name = "Manufacturer_Part_Number"; Value = "X32258MOB4SI"; VariantName = "[No Variations]"
Add component (AddParameter): Name = "Mouser Part Number"; Value = ""; VariantName = "[No Variations]"
Add component (AddParameter): Name = "Mouser Price/Stock"; Value = ""; VariantName = "[No Variations]"
Added Pin To Net: NetName=3V3 Pin=C8-2
Added Pin To Net: NetName=3V3 Pin=C9-2
Added Pin To Net: NetName=3V3 Pin=C10-2
Added Pin To Net: NetName=3V3 Pin=C11-2
Added Pin To Net: NetName=3V3 Pin=C12-2
Added Pin To Net: NetName=3V3 Pin=FB1-2
Added Pin To Net: NetName=3V3 Pin=IC1-1
Added Pin To Net: NetName=3V3 Pin=IC1-24
Added Pin To Net: NetName=3V3 Pin=IC1-36
Added Pin To Net: NetName=3V3 Pin=IC1-48
Added Pin To Net: NetName=3V3 Pin=P1-1
Added Pin To Net: NetName=3V3 Pin=Q1-2
Added Pin To Net: NetName=3V3 Pin=R3-1
Added Pin To Net: NetName=3V3 Pin=R4-1
Added Net: Name=3V3
Added Pin To Net: NetName=3V3A Pin=C4-2
Added Pin To Net: NetName=3V3A Pin=C5-2
Added Pin To Net: NetName=3V3A Pin=FB1-1
Added Pin To Net: NetName=3V3A Pin=IC1-20
Added Pin To Net: NetName=3V3A Pin=IC1-21
Added Net: Name=3V3A
Added Pin To Net: NetName=5V Pin=C1-2
Added Pin To Net: NetName=5V Pin=J1-A4_B9
Added Pin To Net: NetName=5V Pin=J1-B4_A9
Added Pin To Net: NetName=5V Pin=R5-1
Added Pin To Net: NetName=5V Pin=U1-3
Added Net: Name=5V
Added Pin To Net: NetName=BOOT Pin=IC1-45
Added Pin To Net: NetName=BOOT Pin=R6-1
Added Net: Name=BOOT
Added Pin To Net: NetName=GND Pin=C1-1
Added Pin To Net: NetName=GND Pin=C2-1
Added Pin To Net: NetName=GND Pin=C3-1
Added Pin To Net: NetName=GND Pin=C4-1
Added Pin To Net: NetName=GND Pin=C5-1
Added Pin To Net: NetName=GND Pin=C6-1
Added Pin To Net: NetName=GND Pin=C7-1
Added Pin To Net: NetName=GND Pin=C8-1
Added Pin To Net: NetName=GND Pin=C9-1
Added Pin To Net: NetName=GND Pin=C10-1
Added Pin To Net: NetName=GND Pin=C11-1
Added Pin To Net: NetName=GND Pin=C12-1
Added Pin To Net: NetName=GND Pin=D2-K
Added Pin To Net: NetName=GND Pin=D3-K
Added Pin To Net: NetName=GND Pin=IC1-19
Added Pin To Net: NetName=GND Pin=IC1-23
Added Pin To Net: NetName=GND Pin=IC1-35
Added Pin To Net: NetName=GND Pin=IC1-47
Added Pin To Net: NetName=GND Pin=J1-A1_B12
Added Pin To Net: NetName=GND Pin=J1-B1_A12
Added Pin To Net: NetName=GND Pin=J1-SH1
Added Pin To Net: NetName=GND Pin=J1-SH2
Added Pin To Net: NetName=GND Pin=J1-SH3
Added Pin To Net: NetName=GND Pin=J1-SH4
Added Pin To Net: NetName=GND Pin=P1-3
Added Pin To Net: NetName=GND Pin=P1-MP1
Added Pin To Net: NetName=GND Pin=P1-MP2
Added Pin To Net: NetName=GND Pin=Q1-1
Added Pin To Net: NetName=GND Pin=R1-2
Added Pin To Net: NetName=GND Pin=R2-2
Added Pin To Net: NetName=GND Pin=R6-2
Added Pin To Net: NetName=GND Pin=S1-3
Added Pin To Net: NetName=GND Pin=S1-4
Added Pin To Net: NetName=GND Pin=Y1-2
Added Pin To Net: NetName=GND Pin=Y1-4
Added Net: Name=GND
Added Pin To Net: NetName=HSE_IN Pin=C6-2
Added Pin To Net: NetName=HSE_IN Pin=IC1-5
Added Pin To Net: NetName=HSE_IN Pin=Y1-1
Added Net: Name=HSE_IN
Added Pin To Net: NetName=HSE_OUT Pin=C7-2
Added Pin To Net: NetName=HSE_OUT Pin=IC1-6
Added Pin To Net: NetName=HSE_OUT Pin=Y1-3
Added Net: Name=HSE_OUT
Added Pin To Net: NetName=LDO_OUT Pin=C2-2
Added Pin To Net: NetName=LDO_OUT Pin=Q1-3
Added Pin To Net: NetName=LDO_OUT Pin=U1-2
Added Pin To Net: NetName=LDO_OUT Pin=U1-4
Added Net: Name=LDO_OUT
Added Pin To Net: NetName=LED_INBUILT Pin=D1-K
Added Net: Name=LED_INBUILT
Added Pin To Net: NetName=NetD1_A Pin=D1-A
Added Pin To Net: NetName=NetD1_A Pin=R3-2
Added Net: Name=NetD1_A
Added Pin To Net: NetName=NetD2_A Pin=D2-A
Added Pin To Net: NetName=NetD2_A Pin=R4-2
Added Net: Name=NetD2_A
Added Pin To Net: NetName=NetD3_A Pin=D3-A
Added Pin To Net: NetName=NetD3_A Pin=R5-2
Added Net: Name=NetD3_A
Added Pin To Net: NetName=NetJ1_A5 Pin=J1-A5
Added Pin To Net: NetName=NetJ1_A5 Pin=R1-1
Added Net: Name=NetJ1_A5
Added Pin To Net: NetName=NetJ1_B5 Pin=J1-B5
Added Pin To Net: NetName=NetJ1_B5 Pin=R2-1
Added Net: Name=NetJ1_B5
Added Pin To Net: NetName=NRST Pin=C3-2
Added Pin To Net: NetName=NRST Pin=IC1-7
Added Pin To Net: NetName=NRST Pin=P1-5
Added Pin To Net: NetName=NRST Pin=S1-1
Added Pin To Net: NetName=NRST Pin=S1-2
Added Net: Name=NRST
Added Pin To Net: NetName=SDWIO Pin=IC1-37
Added Pin To Net: NetName=SDWIO Pin=P1-2
Added Net: Name=SDWIO
Added Pin To Net: NetName=SWCLK Pin=IC1-38
Added Pin To Net: NetName=SWCLK Pin=P1-4
Added Net: Name=SWCLK
Added Pin To Net: NetName=SWO Pin=IC1-40
Added Pin To Net: NetName=SWO Pin=P1-6
Added Net: Name=SWO
Added Pin To Net: NetName=USB_N Pin=IC1-32
Added Pin To Net: NetName=USB_N Pin=J1-A7
Added Pin To Net: NetName=USB_N Pin=J1-B7
Added Net: Name=USB_N
Added Pin To Net: NetName=USB_P Pin=IC1-33
Added Pin To Net: NetName=USB_P Pin=J1-A6
Added Pin To Net: NetName=USB_P Pin=J1-B6
Added Net: Name=USB_P
Added Class: Name=WizBoard
Added Differential Pair: Name=USB
Added Rule: Name=Schematic Supply Nets
Added Rule: Name=Schematic Supply Nets_1
Added Rule: Name=Schematic Supply Nets_2
Added Rule: Name=Schematic Supply Nets_3
Added Rule: Name=Schematic Supply Nets_4
