Added Component: Designator=C1(CAP_0805)
Add component (AddParameter): Name = "Dielectric"; Value = ""; VariantName = "[No Variations]"
Add component (AddParameter): Name = "Distributor Link"; Value = "https://www.lcsc.com/product-detail/C116352.html?spm=wm.fly.bg.0.xh___wm.fly.tp.4.ml&lcsc_vid=RgJaBFdeQAVXBFNWRFFdUVZXR1lbUVIAQgJYXwBWRlExVlNRQFhXX1FUQFNYUzsOAxUeFF5JWBYZEEoKFBINSQcJGk4eFQsCAgIaSgADAwAHC0slRVheUFZQTk8GEwkK"; VariantName = "[No Variations]"
Add component (AddParameter): Name = "LCSC"; Value = "C116352"; VariantName = "[No Variations]"
Add component (AddParameter): Name = "Manufacturer"; Value = "Samsung Electro-Mechanics"; VariantName = "[No Variations]"
Add component (AddParameter): Name = "Manufacturer Part Number"; Value = "CL21B105KAFNNNE"; VariantName = "[No Variations]"
Add component (AddParameter): Name = "Rating"; Value = "25V"; VariantName = "[No Variations]"
Added Component: Designator=C2(CAP_0805)
Add component (AddParameter): Name = "Dielectric"; Value = ""; VariantName = "[No Variations]"
Add component (AddParameter): Name = "Distributor Link"; Value = "https://www.lcsc.com/product-detail/C98192.html?spm=wm.fly.bg.0.xh___wm.fly.tp.4.ml&lcsc_vid=RgJaBFdeQAVXBFNWRFFdUVZXR1lbUVIAQgJYXwBWRlExVlNRQFhXX1FUQFNYUzsOAxUeFF5JWBYZEEoKFBINSQcJGk4eFQsCAgIaSgADAwAHC0slRVheUFZQTk8GEwkK"; VariantName = "[No Variations]"
Add component (AddParameter): Name = "LCSC"; Value = "C98192"; VariantName = "[No Variations]"
Add component (AddParameter): Name = "Manufacturer"; Value = "Samsung Electro-Mechanics"; VariantName = "[No Variations]"
Add component (AddParameter): Name = "Manufacturer Part Number"; Value = "CL21A475KBQNNNE"; VariantName = "[No Variations]"
Add component (AddParameter): Name = "Rating"; Value = "50V"; VariantName = "[No Variations]"
Added Component: Designator=C3(CAP_0805)
Add component (AddParameter): Name = "Dielectric"; Value = ""; VariantName = "[No Variations]"
Add component (AddParameter): Name = "Distributor Link"; Value = "https://www.lcsc.com/product-detail/C1711.html?spm=wm.fly.bg.2.xh___wm.fly.tp.4.ml&lcsc_vid=RgJaBFdeQAVXBFNWRFFdUVZXR1lbUVIAQgJYXwBWRlExVlNRQFhXX1FUQFNYUzsOAxUeFF5JWBYZEEoKFBINSQcJGk4eFQsCAgIaSgADAwAHC0slRVheUFZQTk8GEwkK"; VariantName = "[No Variations]"
Add component (AddParameter): Name = "LCSC"; Value = "C1711"; VariantName = "[No Variations]"
Add component (AddParameter): Name = "Manufacturer"; Value = "Samsung Electro-Mechanics"; VariantName = "[No Variations]"
Add component (AddParameter): Name = "Manufacturer Part Number"; Value = "CL21B104KBCNNNC"; VariantName = "[No Variations]"
Add component (AddParameter): Name = "Rating"; Value = "50V"; VariantName = "[No Variations]"
Added Component: Designator=C4(CAP_0805)
Add component (AddParameter): Name = "Dielectric"; Value = ""; VariantName = "[No Variations]"
Add component (AddParameter): Name = "Distributor Link"; Value = "https://www.lcsc.com/product-detail/C1711.html?spm=wm.fly.bg.2.xh___wm.fly.tp.4.ml&lcsc_vid=RgJaBFdeQAVXBFNWRFFdUVZXR1lbUVIAQgJYXwBWRlExVlNRQFhXX1FUQFNYUzsOAxUeFF5JWBYZEEoKFBINSQcJGk4eFQsCAgIaSgADAwAHC0slRVheUFZQTk8GEwkK"; VariantName = "[No Variations]"
Add component (AddParameter): Name = "LCSC"; Value = "C1711"; VariantName = "[No Variations]"
Add component (AddParameter): Name = "Manufacturer"; Value = "Samsung Electro-Mechanics"; VariantName = "[No Variations]"
Add component (AddParameter): Name = "Manufacturer Part Number"; Value = "CL21B104KBCNNNC"; VariantName = "[No Variations]"
Add component (AddParameter): Name = "Rating"; Value = "50V"; VariantName = "[No Variations]"
Added Component: Designator=C5(CAP_0805)
Add component (AddParameter): Name = "Dielectric"; Value = ""; VariantName = "[No Variations]"
Add component (AddParameter): Name = "Distributor Link"; Value = "https://www.lcsc.com/product-detail/C116352.html?spm=wm.fly.bg.0.xh___wm.fly.tp.4.ml&lcsc_vid=RgJaBFdeQAVXBFNWRFFdUVZXR1lbUVIAQgJYXwBWRlExVlNRQFhXX1FUQFNYUzsOAxUeFF5JWBYZEEoKFBINSQcJGk4eFQsCAgIaSgADAwAHC0slRVheUFZQTk8GEwkK"; VariantName = "[No Variations]"
Add component (AddParameter): Name = "LCSC"; Value = "C116352"; VariantName = "[No Variations]"
Add component (AddParameter): Name = "Manufacturer"; Value = "Samsung Electro-Mechanics"; VariantName = "[No Variations]"
Add component (AddParameter): Name = "Manufacturer Part Number"; Value = "CL21B105KAFNNNE"; VariantName = "[No Variations]"
Add component (AddParameter): Name = "Rating"; Value = "25V"; VariantName = "[No Variations]"
Added Component: Designator=C6(CAP_0805)
Add component (AddParameter): Name = "Dielectric"; Value = ""; VariantName = "[No Variations]"
Add component (AddParameter): Name = "Distributor Link"; Value = "https://www.lcsc.com/product-detail/C1804.html?spm=wm.fly.bg.0.xh___wm.fly.tp.4.ml&lcsc_vid=RgJaBFdeQAVXBFNWRFFdUVZXR1lbUVIAQgJYXwBWRlExVlNRQFhXX1FUQFNYUzsOAxUeFF5JWBYZEEoKFBINSQcJGk4eFQsCAgIaSgADAwAHC0slRVheUFZQTk8GEwkK"; VariantName = "[No Variations]"
Add component (AddParameter): Name = "LCSC"; Value = "C1804"; VariantName = "[No Variations]"
Add component (AddParameter): Name = "Manufacturer"; Value = "Samsung Electro-Mechanics"; VariantName = "[No Variations]"
Add component (AddParameter): Name = "Manufacturer Part Number"; Value = "CL21C220JBANNNC"; VariantName = "[No Variations]"
Add component (AddParameter): Name = "Rating"; Value = "50V"; VariantName = "[No Variations]"
Added Component: Designator=C7(CAP_0805)
Add component (AddParameter): Name = "Dielectric"; Value = ""; VariantName = "[No Variations]"
Add component (AddParameter): Name = "Distributor Link"; Value = "https://www.lcsc.com/product-detail/C1804.html?spm=wm.fly.bg.0.xh___wm.fly.tp.4.ml&lcsc_vid=RgJaBFdeQAVXBFNWRFFdUVZXR1lbUVIAQgJYXwBWRlExVlNRQFhXX1FUQFNYUzsOAxUeFF5JWBYZEEoKFBINSQcJGk4eFQsCAgIaSgADAwAHC0slRVheUFZQTk8GEwkK"; VariantName = "[No Variations]"
Add component (AddParameter): Name = "LCSC"; Value = "C1804"; VariantName = "[No Variations]"
Add component (AddParameter): Name = "Manufacturer"; Value = "Samsung Electro-Mechanics"; VariantName = "[No Variations]"
Add component (AddParameter): Name = "Manufacturer Part Number"; Value = "CL21C220JBANNNC"; VariantName = "[No Variations]"
Add component (AddParameter): Name = "Rating"; Value = "50V"; VariantName = "[No Variations]"
Added Component: Designator=C8(CAP_0805)
Add component (AddParameter): Name = "Dielectric"; Value = ""; VariantName = "[No Variations]"
Add component (AddParameter): Name = "Distributor Link"; Value = "https://www.lcsc.com/product-detail/C116352.html?spm=wm.fly.bg.0.xh___wm.fly.tp.4.ml&lcsc_vid=RgJaBFdeQAVXBFNWRFFdUVZXR1lbUVIAQgJYXwBWRlExVlNRQFhXX1FUQFNYUzsOAxUeFF5JWBYZEEoKFBINSQcJGk4eFQsCAgIaSgADAwAHC0slRVheUFZQTk8GEwkK"; VariantName = "[No Variations]"
Add component (AddParameter): Name = "LCSC"; Value = "C116352"; VariantName = "[No Variations]"
Add component (AddParameter): Name = "Manufacturer"; Value = "Samsung Electro-Mechanics"; VariantName = "[No Variations]"
Add component (AddParameter): Name = "Manufacturer Part Number"; Value = "CL21B105KAFNNNE"; VariantName = "[No Variations]"
Add component (AddParameter): Name = "Rating"; Value = "25V"; VariantName = "[No Variations]"
Added Component: Designator=C9(CAP_0805)
Add component (AddParameter): Name = "Dielectric"; Value = ""; VariantName = "[No Variations]"
Add component (AddParameter): Name = "Distributor Link"; Value = "https://www.lcsc.com/product-detail/C1711.html?spm=wm.fly.bg.2.xh___wm.fly.tp.4.ml&lcsc_vid=RgJaBFdeQAVXBFNWRFFdUVZXR1lbUVIAQgJYXwBWRlExVlNRQFhXX1FUQFNYUzsOAxUeFF5JWBYZEEoKFBINSQcJGk4eFQsCAgIaSgADAwAHC0slRVheUFZQTk8GEwkK"; VariantName = "[No Variations]"
Add component (AddParameter): Name = "LCSC"; Value = "C1711"; VariantName = "[No Variations]"
Add component (AddParameter): Name = "Manufacturer"; Value = "Samsung Electro-Mechanics"; VariantName = "[No Variations]"
Add component (AddParameter): Name = "Manufacturer Part Number"; Value = "CL21B104KBCNNNC"; VariantName = "[No Variations]"
Add component (AddParameter): Name = "Rating"; Value = "50V"; VariantName = "[No Variations]"
Added Component: Designator=C10(CAP_0805)
Add component (AddParameter): Name = "Dielectric"; Value = ""; VariantName = "[No Variations]"
Add component (AddParameter): Name = "Distributor Link"; Value = "https://www.lcsc.com/product-detail/C1711.html?spm=wm.fly.bg.2.xh___wm.fly.tp.4.ml&lcsc_vid=RgJaBFdeQAVXBFNWRFFdUVZXR1lbUVIAQgJYXwBWRlExVlNRQFhXX1FUQFNYUzsOAxUeFF5JWBYZEEoKFBINSQcJGk4eFQsCAgIaSgADAwAHC0slRVheUFZQTk8GEwkK"; VariantName = "[No Variations]"
Add component (AddParameter): Name = "LCSC"; Value = "C1711"; VariantName = "[No Variations]"
Add component (AddParameter): Name = "Manufacturer"; Value = "Samsung Electro-Mechanics"; VariantName = "[No Variations]"
Add component (AddParameter): Name = "Manufacturer Part Number"; Value = "CL21B104KBCNNNC"; VariantName = "[No Variations]"
Add component (AddParameter): Name = "Rating"; Value = "50V"; VariantName = "[No Variations]"
Added Component: Designator=C11(CAP_0805)
Add component (AddParameter): Name = "Dielectric"; Value = ""; VariantName = "[No Variations]"
Add component (AddParameter): Name = "Distributor Link"; Value = "https://www.lcsc.com/product-detail/C1711.html?spm=wm.fly.bg.2.xh___wm.fly.tp.4.ml&lcsc_vid=RgJaBFdeQAVXBFNWRFFdUVZXR1lbUVIAQgJYXwBWRlExVlNRQFhXX1FUQFNYUzsOAxUeFF5JWBYZEEoKFBINSQcJGk4eFQsCAgIaSgADAwAHC0slRVheUFZQTk8GEwkK"; VariantName = "[No Variations]"
Add component (AddParameter): Name = "LCSC"; Value = "C1711"; VariantName = "[No Variations]"
Add component (AddParameter): Name = "Manufacturer"; Value = "Samsung Electro-Mechanics"; VariantName = "[No Variations]"
Add component (AddParameter): Name = "Manufacturer Part Number"; Value = "CL21B104KBCNNNC"; VariantName = "[No Variations]"
Add component (AddParameter): Name = "Rating"; Value = "50V"; VariantName = "[No Variations]"
Added Component: Designator=C12(CAP_0805)
Add component (AddParameter): Name = "Dielectric"; Value = ""; VariantName = "[No Variations]"
Add component (AddParameter): Name = "Distributor Link"; Value = "https://www.lcsc.com/product-detail/C1711.html?spm=wm.fly.bg.2.xh___wm.fly.tp.4.ml&lcsc_vid=RgJaBFdeQAVXBFNWRFFdUVZXR1lbUVIAQgJYXwBWRlExVlNRQFhXX1FUQFNYUzsOAxUeFF5JWBYZEEoKFBINSQcJGk4eFQsCAgIaSgADAwAHC0slRVheUFZQTk8GEwkK"; VariantName = "[No Variations]"
Add component (AddParameter): Name = "LCSC"; Value = "C1711"; VariantName = "[No Variations]"
Add component (AddParameter): Name = "Manufacturer"; Value = "Samsung Electro-Mechanics"; VariantName = "[No Variations]"
Add component (AddParameter): Name = "Manufacturer Part Number"; Value = "CL21B104KBCNNNC"; VariantName = "[No Variations]"
Add component (AddParameter): Name = "Rating"; Value = "50V"; VariantName = "[No Variations]"
Added Component: Designator=D1(LED_0805_RED)
Add component (AddParameter): Name = "Distributor Link"; Value = ""; VariantName = "[No Variations]"
Add component (AddParameter): Name = "LCSC"; Value = ""; VariantName = "[No Variations]"
Add component (AddParameter): Name = "Manufacturer"; Value = ""; VariantName = "[No Variations]"
Add component (AddParameter): Name = "Manufacturer Part Number"; Value = ""; VariantName = "[No Variations]"
Added Component: Designator=D2(LED_0805_RED)
Add component (AddParameter): Name = "Distributor Link"; Value = ""; VariantName = "[No Variations]"
Add component (AddParameter): Name = "LCSC"; Value = ""; VariantName = "[No Variations]"
Add component (AddParameter): Name = "Manufacturer"; Value = ""; VariantName = "[No Variations]"
Add component (AddParameter): Name = "Manufacturer Part Number"; Value = ""; VariantName = "[No Variations]"
Added Component: Designator=D3(LED_0805_RED)
Add component (AddParameter): Name = "Distributor Link"; Value = ""; VariantName = "[No Variations]"
Add component (AddParameter): Name = "LCSC"; Value = ""; VariantName = "[No Variations]"
Add component (AddParameter): Name = "Manufacturer"; Value = ""; VariantName = "[No Variations]"
Add component (AddParameter): Name = "Manufacturer Part Number"; Value = ""; VariantName = "[No Variations]"
Added Component: Designator=FB1(BEADC2112X105N)
Add component (AddParameter): Name = "Arrow Part Number"; Value = ""; VariantName = "[No Variations]"
Add component (AddParameter): Name = "Arrow Price/Stock"; Value = ""; VariantName = "[No Variations]"
Add component (AddParameter): Name = "Datasheet Link"; Value = "https://datasheet.lcsc.com/szlcsc/Sunlord-GZ2012D601TF_C1017.pdf"; VariantName = "[No Variations]"
Add component (AddParameter): Name = "Height"; Value = "1.05mm"; VariantName = "[No Variations]"
Add component (AddParameter): Name = "Manufacturer_Name"; Value = "SUNLORD"; VariantName = "[No Variations]"
Add component (AddParameter): Name = "Manufacturer_Part_Number"; Value = "GZ2012D601TF"; VariantName = "[No Variations]"
Add component (AddParameter): Name = "Mouser Part Number"; Value = ""; VariantName = "[No Variations]"
Add component (AddParameter): Name = "Mouser Price/Stock"; Value = ""; VariantName = "[No Variations]"
Added Component: Designator=IC1(QFP50P900X900X160-48N)
Add component (AddParameter): Name = "Arrow Part Number"; Value = "STM32G474CBT6TR"; VariantName = "[No Variations]"
Add component (AddParameter): Name = "Arrow Price/Stock"; Value = "https://www.arrow.com/en/products/stm32g474cbt6tr/stmicroelectronics.html?utm_currency=USD&region=nac"; VariantName = "[No Variations]"
Add component (AddParameter): Name = "Datasheet Link"; Value = "https://www.st.com/resource/en/datasheet/stm32g474cb.pdf"; VariantName = "[No Variations]"
Add component (AddParameter): Name = "Height"; Value = "1.6mm"; VariantName = "[No Variations]"
Add component (AddParameter): Name = "LCSC"; Value = "C730123"; VariantName = "[No Variations]"
Add component (AddParameter): Name = "Manufacturer Name"; Value = "STMicroelectronics"; VariantName = "[No Variations]"
Add component (AddParameter): Name = "Manufacturer Part Number"; Value = "STM32G474CBT6TR"; VariantName = "[No Variations]"
Add component (AddParameter): Name = "Mouser Part Number"; Value = "511-STM32G474CBT6TR"; VariantName = "[No Variations]"
Add component (AddParameter): Name = "Mouser Price/Stock"; Value = "https://www.mouser.co.uk/ProductDetail/STMicroelectronics/STM32G474CBT6TR?qs=sPbYRqrBIVmx65Oml6enIQ%3D%3D"; VariantName = "[No Variations]"
Added Component: Designator=J1(SHOUHAN_TYPE-C_16PIN_2MD_(073))
Added Component: Designator=J2(16p Pin Header)
Add component (AddParameter): Name = "Manufacturer"; Value = "Megastar"; VariantName = "[No Variations]"
Add component (AddParameter): Name = "Manufacturer Part Number"; Value = "ZX-PZ2.54-1-16PZZ"; VariantName = "[No Variations]"
Add component (AddParameter): Name = "Parameter 2"; Value = "C7501270"; VariantName = "[No Variations]"
Added Component: Designator=J3(16p Pin Header)
Add component (AddParameter): Name = "Manufacturer"; Value = "Megastar"; VariantName = "[No Variations]"
Add component (AddParameter): Name = "Manufacturer Part Number"; Value = "ZX-PZ2.54-1-16PZZ"; VariantName = "[No Variations]"
Add component (AddParameter): Name = "Parameter 2"; Value = "C7501270"; VariantName = "[No Variations]"
Added Component: Designator=P1(JST-SM06B-SRSS-TB_V)
Add component (AddParameter): Name = "Datasheet URL"; Value = "https://datasheet.ciiva.com/26894/getdatasheetpartid-708885-26894671.pdf"; VariantName = "[No Variations]"
Add component (AddParameter): Name = "Datasheet Version"; Value = "11/2010"; VariantName = "[No Variations]"
Add component (AddParameter): Name = "Manufacturer"; Value = "JST"; VariantName = "[No Variations]"
Add component (AddParameter): Name = "Manufacturer URL"; Value = "http://www.jst.com/home2.html"; VariantName = "[No Variations]"
Add component (AddParameter): Name = "Mounting Technology"; Value = "SurfaceMount"; VariantName = "[No Variations]"
Add component (AddParameter): Name = "No of Positions"; Value = "6"; VariantName = "[No Variations]"
Add component (AddParameter): Name = "Package Description"; Value = "Male Header, Pitch 1 mm, 1 X 6 Position, Height 2.9 mm"; VariantName = "[No Variations]"
Add component (AddParameter): Name = "Package Reference"; Value = "SM06B-SRSS-TB"; VariantName = "[No Variations]"
Add component (AddParameter): Name = "Pitch"; Value = "1mm"; VariantName = "[No Variations]"
Add component (AddParameter): Name = "Style/Orientation"; Value = "RightAngleHeader/Plug"; VariantName = "[No Variations]"
Add component (AddParameter): Name = "Termination"; Value = "Solder"; VariantName = "[No Variations]"
Add component (AddParameter): Name = "Type"; Value = "ShroudedHeader"; VariantName = "[No Variations]"
Added Component: Designator=Q1(SOT-23)
Add component (AddParameter): Name = "LCSC"; Value = "C2838029"; VariantName = "[No Variations]"
Add component (AddParameter): Name = "Manufacturer"; Value = "PJSEMI"; VariantName = "[No Variations]"
Add component (AddParameter): Name = "Manufacturer Part Number"; Value = "PJM10H01PSA"; VariantName = "[No Variations]"
Added Component: Designator=R1(RES_0805)
Add component (AddParameter): Name = "Distributor Link"; Value = "https://www.lcsc.com/product-detail/C2907269.html?spm=wm.fly.bg.2.xh___wm.mly.mlk.28-0-0.ml&lcsc_vid=RgJaBFdeQAVXBFNWRFFdUVZXR1lbUVIAQgJYXwBWRlExVlNRQFhXX1ZXT1RaUzsOAxUeFF5JWBYZEEoKFBINSQcJGk4dAgUUFAk%3D"; VariantName = "[No Variations]"
Add component (AddParameter): Name = "LCSC"; Value = "C2907269"; VariantName = "[No Variations]"
Add component (AddParameter): Name = "Manufacturer"; Value = "FOJAN"; VariantName = "[No Variations]"
Add component (AddParameter): Name = "Manufacturer Part Number"; Value = "FRC0805F5101TS"; VariantName = "[No Variations]"
Added Component: Designator=R2(RES_0805)
Add component (AddParameter): Name = "Distributor Link"; Value = "https://www.lcsc.com/product-detail/C2907269.html?spm=wm.fly.bg.2.xh___wm.mly.mlk.28-0-0.ml&lcsc_vid=RgJaBFdeQAVXBFNWRFFdUVZXR1lbUVIAQgJYXwBWRlExVlNRQFhXX1ZXT1RaUzsOAxUeFF5JWBYZEEoKFBINSQcJGk4dAgUUFAk%3D"; VariantName = "[No Variations]"
Add component (AddParameter): Name = "LCSC"; Value = "C2907269"; VariantName = "[No Variations]"
Add component (AddParameter): Name = "Manufacturer"; Value = "FOJAN"; VariantName = "[No Variations]"
Add component (AddParameter): Name = "Manufacturer Part Number"; Value = "FRC0805F5101TS"; VariantName = "[No Variations]"
Added Component: Designator=R3(RES_0805)
Add component (AddParameter): Name = "Distributor Link"; Value = "https://www.lcsc.com/product-detail/C2907267.html?spm=wm.fly.bg.1.stp___wm.mly.mlk.28-0-0.ml&lcsc_vid=RgJaBFdeQAVXBFNWRFFdUVZXR1lbUVIAQgJYXwBWRlExVlNRQFhXX1ZXT1RaUzsOAxUeFF5JWBYZEEoKFBINSQcJGk4dAgUUFAk%3D"; VariantName = "[No Variations]"
Add component (AddParameter): Name = "LCSC"; Value = "C2907267"; VariantName = "[No Variations]"
Add component (AddParameter): Name = "Manufacturer"; Value = "FOJAN"; VariantName = "[No Variations]"
Add component (AddParameter): Name = "Manufacturer Part Number"; Value = "FRC0805F4700TS"; VariantName = "[No Variations]"
Added Component: Designator=R4(RES_0805)
Add component (AddParameter): Name = "Distributor Link"; Value = "https://www.lcsc.com/product-detail/C2907267.html?spm=wm.fly.bg.1.stp___wm.mly.mlk.28-0-0.ml&lcsc_vid=RgJaBFdeQAVXBFNWRFFdUVZXR1lbUVIAQgJYXwBWRlExVlNRQFhXX1ZXT1RaUzsOAxUeFF5JWBYZEEoKFBINSQcJGk4dAgUUFAk%3D"; VariantName = "[No Variations]"
Add component (AddParameter): Name = "LCSC"; Value = "C2907267"; VariantName = "[No Variations]"
Add component (AddParameter): Name = "Manufacturer"; Value = "FOJAN"; VariantName = "[No Variations]"
Add component (AddParameter): Name = "Manufacturer Part Number"; Value = "FRC0805F4700TS"; VariantName = "[No Variations]"
Added Component: Designator=R5(RES_0805)
Add component (AddParameter): Name = "Distributor Link"; Value = "https://www.lcsc.com/product-detail/C2907267.html?spm=wm.fly.bg.1.stp___wm.mly.mlk.28-0-0.ml&lcsc_vid=RgJaBFdeQAVXBFNWRFFdUVZXR1lbUVIAQgJYXwBWRlExVlNRQFhXX1ZXT1RaUzsOAxUeFF5JWBYZEEoKFBINSQcJGk4dAgUUFAk%3D"; VariantName = "[No Variations]"
Add component (AddParameter): Name = "LCSC"; Value = "C2907267"; VariantName = "[No Variations]"
Add component (AddParameter): Name = "Manufacturer"; Value = "FOJAN"; VariantName = "[No Variations]"
Add component (AddParameter): Name = "Manufacturer Part Number"; Value = "FRC0805F4700TS"; VariantName = "[No Variations]"
Added Component: Designator=R6(RES_0805)
Add component (AddParameter): Name = "Distributor Link"; Value = "https://www.lcsc.com/product-detail/C2907219.html?spm=wm.fly.bg.1.xh___wm.mly.mlk.28-0-0.ml&lcsc_vid=RgJaBFdeQAVXBFNWRFFdUVZXR1lbUVIAQgJYXwBWRlExVlNRQFhXX1ZXT1RaUzsOAxUeFF5JWBYZEEoKFBINSQcJGk4dAgUUFAk%3D"; VariantName = "[No Variations]"
Add component (AddParameter): Name = "LCSC"; Value = "C2907219"; VariantName = "[No Variations]"
Add component (AddParameter): Name = "Manufacturer"; Value = "FOJAN"; VariantName = "[No Variations]"
Add component (AddParameter): Name = "Manufacturer Part Number"; Value = "FRC0805F1002TS"; VariantName = "[No Variations]"
Added Component: Designator=S1(SW-SMD_4P-L3.5-W3.0-P1.50-LS4.7)
Added Component: Designator=U1(SOT-223)
Added Component: Designator=Y1(X32258MOB4SI)
Add component (AddParameter): Name = "Arrow Part Number"; Value = ""; VariantName = "[No Variations]"
Add component (AddParameter): Name = "Arrow Price/Stock"; Value = ""; VariantName = "[No Variations]"
Add component (AddParameter): Name = "Datasheet Link"; Value = "https://item.szlcsc.com/datasheet/X32258MOB4SI/2777872.html"; VariantName = "[No Variations]"
Add component (AddParameter): Name = "Height"; Value = "0.8mm"; VariantName = "[No Variations]"
Add component (AddParameter): Name = "Manufacturer_Name"; Value = "YXC"; VariantName = "[No Variations]"
Add component (AddParameter): Name = "Manufacturer_Part_Number"; Value = "X32258MOB4SI"; VariantName = "[No Variations]"
Add component (AddParameter): Name = "Mouser Part Number"; Value = ""; VariantName = "[No Variations]"
Add component (AddParameter): Name = "Mouser Price/Stock"; Value = ""; VariantName = "[No Variations]"
Added Pin To Net: NetName=GND Pin=C1-1
Added Pin To Net: NetName=5V Pin=C1-2
Added Pin To Net: NetName=GND Pin=C2-1
Added Pin To Net: NetName=LDO_OUT Pin=C2-2
Added Pin To Net: NetName=NRST Pin=C3-1
Added Pin To Net: NetName=GND Pin=C3-2
Added Pin To Net: NetName=GND Pin=C4-1
Added Pin To Net: NetName=3V3A Pin=C4-2
Added Pin To Net: NetName=GND Pin=C5-1
Added Pin To Net: NetName=3V3A Pin=C5-2
Added Pin To Net: NetName=GND Pin=C6-1
Added Pin To Net: NetName=HSE_IN Pin=C6-2
Added Pin To Net: NetName=GND Pin=C7-1
Added Pin To Net: NetName=HSE_OUT Pin=C7-2
Added Pin To Net: NetName=GND Pin=C8-1
Added Pin To Net: NetName=3V3 Pin=C8-2
Added Pin To Net: NetName=GND Pin=C9-1
Added Pin To Net: NetName=3V3 Pin=C9-2
Added Pin To Net: NetName=GND Pin=C10-1
Added Pin To Net: NetName=3V3 Pin=C10-2
Added Pin To Net: NetName=GND Pin=C11-1
Added Pin To Net: NetName=3V3 Pin=C11-2
Added Pin To Net: NetName=GND Pin=C12-1
Added Pin To Net: NetName=3V3 Pin=C12-2
Added Pin To Net: NetName=NetD1_A Pin=D1-A
Added Pin To Net: NetName=LED_INBUILT Pin=D1-K
Added Pin To Net: NetName=NetD2_A Pin=D2-A
Added Pin To Net: NetName=GND Pin=D2-K
Added Pin To Net: NetName=NetD3_A Pin=D3-A
Added Pin To Net: NetName=GND Pin=D3-K
Added Pin To Net: NetName=3V3A Pin=FB1-1
Added Pin To Net: NetName=3V3 Pin=FB1-2
Added Pin To Net: NetName=3V3 Pin=IC1-1
Added Pin To Net: NetName=L1 Pin=IC1-2
Added Pin To Net: NetName=L2 Pin=IC1-3
Added Pin To Net: NetName=L3 Pin=IC1-4
Added Pin To Net: NetName=HSE_IN Pin=IC1-5
Added Pin To Net: NetName=HSE_OUT Pin=IC1-6
Added Pin To Net: NetName=NRST Pin=IC1-7
Added Pin To Net: NetName=L4 Pin=IC1-8
Added Pin To Net: NetName=L5 Pin=IC1-9
Added Pin To Net: NetName=L6 Pin=IC1-10
Added Pin To Net: NetName=L7 Pin=IC1-11
Added Pin To Net: NetName=LED_INBUILT Pin=IC1-12
Added Pin To Net: NetName=L8 Pin=IC1-13
Added Pin To Net: NetName=L9 Pin=IC1-14
Added Pin To Net: NetName=L10 Pin=IC1-15
Added Pin To Net: NetName=L11 Pin=IC1-16
Added Pin To Net: NetName=L12 Pin=IC1-17
Added Pin To Net: NetName=L13 Pin=IC1-18
Added Pin To Net: NetName=GND Pin=IC1-19
Added Pin To Net: NetName=3V3A Pin=IC1-20
Added Pin To Net: NetName=3V3A Pin=IC1-21
Added Pin To Net: NetName=L14 Pin=IC1-22
Added Pin To Net: NetName=GND Pin=IC1-23
Added Pin To Net: NetName=3V3 Pin=IC1-24
Added Pin To Net: NetName=R14 Pin=IC1-25
Added Pin To Net: NetName=R13 Pin=IC1-26
Added Pin To Net: NetName=R12 Pin=IC1-27
Added Pin To Net: NetName=R11 Pin=IC1-28
Added Pin To Net: NetName=R10 Pin=IC1-29
Added Pin To Net: NetName=R9 Pin=IC1-30
Added Pin To Net: NetName=R8 Pin=IC1-31
Added Pin To Net: NetName=USB_N Pin=IC1-32
Added Pin To Net: NetName=USB_P Pin=IC1-33
Added Pin To Net: NetName=R7 Pin=IC1-34
Added Pin To Net: NetName=GND Pin=IC1-35
Added Pin To Net: NetName=3V3 Pin=IC1-36
Added Pin To Net: NetName=SDWIO Pin=IC1-37
Added Pin To Net: NetName=SWCLK Pin=IC1-38
Added Pin To Net: NetName=R6 Pin=IC1-39
Added Pin To Net: NetName=SWO Pin=IC1-40
Added Pin To Net: NetName=R5 Pin=IC1-41
Added Pin To Net: NetName=R4 Pin=IC1-42
Added Pin To Net: NetName=R3 Pin=IC1-43
Added Pin To Net: NetName=R2 Pin=IC1-44
Added Pin To Net: NetName=BOOT Pin=IC1-45
Added Pin To Net: NetName=R1 Pin=IC1-46
Added Pin To Net: NetName=GND Pin=IC1-47
Added Pin To Net: NetName=3V3 Pin=IC1-48
Added Pin To Net: NetName=GND Pin=J1-A1_B12
Added Pin To Net: NetName=5V Pin=J1-A4_B9
Added Pin To Net: NetName=NetJ1_A5 Pin=J1-A5
Added Pin To Net: NetName=USB_P Pin=J1-A6
Added Pin To Net: NetName=USB_N Pin=J1-A7
Added Pin To Net: NetName=GND Pin=J1-B1_A12
Added Pin To Net: NetName=5V Pin=J1-B4_A9
Added Pin To Net: NetName=NetJ1_B5 Pin=J1-B5
Added Pin To Net: NetName=USB_P Pin=J1-B6
Added Pin To Net: NetName=USB_N Pin=J1-B7
Added Pin To Net: NetName=GND Pin=J1-SH1
Added Pin To Net: NetName=GND Pin=J1-SH2
Added Pin To Net: NetName=GND Pin=J1-SH3
Added Pin To Net: NetName=GND Pin=J1-SH4
Added Pin To Net: NetName=3V3 Pin=J2-1
Added Pin To Net: NetName=GND Pin=J2-2
Added Pin To Net: NetName=L1 Pin=J2-3
Added Pin To Net: NetName=L2 Pin=J2-4
Added Pin To Net: NetName=L3 Pin=J2-5
Added Pin To Net: NetName=L4 Pin=J2-6
Added Pin To Net: NetName=L5 Pin=J2-7
Added Pin To Net: NetName=L6 Pin=J2-8
Added Pin To Net: NetName=L7 Pin=J2-9
Added Pin To Net: NetName=L8 Pin=J2-10
Added Pin To Net: NetName=L9 Pin=J2-11
Added Pin To Net: NetName=L10 Pin=J2-12
Added Pin To Net: NetName=L11 Pin=J2-13
Added Pin To Net: NetName=L12 Pin=J2-14
Added Pin To Net: NetName=L13 Pin=J2-15
Added Pin To Net: NetName=L14 Pin=J2-16
Added Pin To Net: NetName=R1 Pin=J3-1
Added Pin To Net: NetName=R2 Pin=J3-2
Added Pin To Net: NetName=R3 Pin=J3-3
Added Pin To Net: NetName=R4 Pin=J3-4
Added Pin To Net: NetName=R5 Pin=J3-5
Added Pin To Net: NetName=R6 Pin=J3-6
Added Pin To Net: NetName=R7 Pin=J3-7
Added Pin To Net: NetName=R8 Pin=J3-8
Added Pin To Net: NetName=R9 Pin=J3-9
Added Pin To Net: NetName=R10 Pin=J3-10
Added Pin To Net: NetName=R11 Pin=J3-11
Added Pin To Net: NetName=R12 Pin=J3-12
Added Pin To Net: NetName=R13 Pin=J3-13
Added Pin To Net: NetName=R14 Pin=J3-14
Added Pin To Net: NetName=5V Pin=J3-15
Added Pin To Net: NetName=GND Pin=J3-16
Added Pin To Net: NetName=3V3 Pin=P1-1
Added Pin To Net: NetName=SDWIO Pin=P1-2
Added Pin To Net: NetName=GND Pin=P1-3
Added Pin To Net: NetName=SWCLK Pin=P1-4
Added Pin To Net: NetName=NRST Pin=P1-5
Added Pin To Net: NetName=SWO Pin=P1-6
Added Pin To Net: NetName=GND Pin=P1-MP1
Added Pin To Net: NetName=GND Pin=P1-MP2
Added Pin To Net: NetName=GND Pin=Q1-1
Added Pin To Net: NetName=3V3 Pin=Q1-2
Added Pin To Net: NetName=LDO_OUT Pin=Q1-3
Added Pin To Net: NetName=NetJ1_A5 Pin=R1-1
Added Pin To Net: NetName=GND Pin=R1-2
Added Pin To Net: NetName=NetJ1_B5 Pin=R2-1
Added Pin To Net: NetName=GND Pin=R2-2
Added Pin To Net: NetName=3V3 Pin=R3-1
Added Pin To Net: NetName=NetD1_A Pin=R3-2
Added Pin To Net: NetName=3V3 Pin=R4-1
Added Pin To Net: NetName=NetD2_A Pin=R4-2
Added Pin To Net: NetName=5V Pin=R5-1
Added Pin To Net: NetName=NetD3_A Pin=R5-2
Added Pin To Net: NetName=BOOT Pin=R6-1
Added Pin To Net: NetName=GND Pin=R6-2
Added Pin To Net: NetName=NRST Pin=S1-1
Added Pin To Net: NetName=NRST Pin=S1-2
Added Pin To Net: NetName=GND Pin=S1-3
Added Pin To Net: NetName=GND Pin=S1-4
Added Pin To Net: NetName=LDO_OUT Pin=U1-2
Added Pin To Net: NetName=5V Pin=U1-3
Added Pin To Net: NetName=LDO_OUT Pin=U1-4
Added Pin To Net: NetName=HSE_IN Pin=Y1-1
Added Pin To Net: NetName=GND Pin=Y1-2
Added Pin To Net: NetName=HSE_OUT Pin=Y1-3
Added Pin To Net: NetName=GND Pin=Y1-4
Added Member To Class: ClassName=WizBoard Member=Component C1 1u
Added Member To Class: ClassName=WizBoard Member=Component C2 4.7u
Added Member To Class: ClassName=WizBoard Member=Component C3 100n
Added Member To Class: ClassName=WizBoard Member=Component C4 100n
Added Member To Class: ClassName=WizBoard Member=Component C5 1u
Added Member To Class: ClassName=WizBoard Member=Component C6 22p
Added Member To Class: ClassName=WizBoard Member=Component C7 22p
Added Member To Class: ClassName=WizBoard Member=Component C8 1u
Added Member To Class: ClassName=WizBoard Member=Component C9 100n
Added Member To Class: ClassName=WizBoard Member=Component C10 100n
Added Member To Class: ClassName=WizBoard Member=Component C11 100n
Added Member To Class: ClassName=WizBoard Member=Component C12 100n
Added Member To Class: ClassName=WizBoard Member=Component D1 GREEN
Added Member To Class: ClassName=WizBoard Member=Component D2 GREEN
Added Member To Class: ClassName=WizBoard Member=Component D3 GREEN
Added Member To Class: ClassName=WizBoard Member=Component FB1 GZ2012D601TF
Added Member To Class: ClassName=WizBoard Member=Component IC1 STM32G474CBT6
Added Member To Class: ClassName=WizBoard Member=Component J1 TYPE-C_16PIN_2MD_(073)
Added Member To Class: ClassName=WizBoard Member=Component J2 ZX-PZ2.54-1-16PZZ
Added Member To Class: ClassName=WizBoard Member=Component J3 ZX-PZ2.54-1-16PZZ
Added Member To Class: ClassName=WizBoard Member=Component P1 6 Pin JST-SH
Added Member To Class: ClassName=WizBoard Member=Component Q1 PJM10H01PSA
Added Member To Class: ClassName=WizBoard Member=Component R1 5k1
Added Member To Class: ClassName=WizBoard Member=Component R2 5k1
Added Member To Class: ClassName=WizBoard Member=Component R3 470
Added Member To Class: ClassName=WizBoard Member=Component R4 470
Added Member To Class: ClassName=WizBoard Member=Component R5 470
Added Member To Class: ClassName=WizBoard Member=Component R6 10k
Added Member To Class: ClassName=WizBoard Member=Component S1 C4B1802110
Added Member To Class: ClassName=WizBoard Member=Component U1 LDL1117S33R
Added Member To Class: ClassName=WizBoard Member=Component Y1 X32258MOB4SI
